/Users/Vurtne/Projects/Github/ng-tangram/out-tsc/libs/components
../dropdown/dropdown.component.ts(8,8): error TS2307: Cannot find module '@ng-tangram/components/core'.
popover.component.ts(7,55): error TS2307: Cannot find module '@ng-tangram/components/core'.
../dropdown/dropdown.module.ts(3,33): error TS2307: Cannot find module '@ng-tangram/components/core'.
popover.module.ts(3,33): error TS2307: Cannot find module '@ng-tangram/components/core'.
popover.module.ts(10,27): Error during template compile of 'NtPopoverModule'
  Could not resolve @ng-tangram/components/core relative to /Users/Vurtne/Projects/Github/ng-tangram/out-tsc/libs/components/popover/popover.module.ts..
popover.module.ts(11,13): Error during template compile of 'NtPopoverModule'
  Could not resolve @ng-tangram/components/core relative to /Users/Vurtne/Projects/Github/ng-tangram/out-tsc/libs/components/popover/popover.module.ts..
../dropdown/dropdown.module.ts(9,27): Error during template compile of 'NtDropdownModule'
  Could not resolve @ng-tangram/components/core relative to /Users/Vurtne/Projects/Github/ng-tangram/out-tsc/libs/components/dropdown/dropdown.module.ts..
../dropdown/dropdown.module.ts(11,13): Error during template compile of 'NtDropdownModule'
  Could not resolve @ng-tangram/components/core relative to /Users/Vurtne/Projects/Github/ng-tangram/out-tsc/libs/components/dropdown/dropdown.module.ts..
../dropdown/dropdown.component.ts(28,14): Error during template compile of 'NtDropdownComponent'
  Could not resolve @ng-tangram/components/core relative to /Users/Vurtne/Projects/Github/ng-tangram/out-tsc/libs/components/dropdown/dropdown.component.ts..
: Can't construct a query for the property "overlay" of "NtDropdownComponent in /Users/Vurtne/Projects/Github/ng-tangram/out-tsc/libs/components/dropdown/dropdown.component.ts" since the query selector wasn't defined.
popover.component.ts(24,14): Error during template compile of 'NtPopoverComponent'
  Could not resolve @ng-tangram/components/core relative to /Users/Vurtne/Projects/Github/ng-tangram/out-tsc/libs/components/popover/popover.component.ts..
: Can't construct a query for the property "overlay" of "NtPopoverComponent in /Users/Vurtne/Projects/Github/ng-tangram/out-tsc/libs/components/popover/popover.component.ts" since the query selector wasn't defined.
: Can't bind to 'origin' since it isn't a known property of 'nt-overlay'.
1. If 'nt-overlay' is an Angular component and it has 'origin' input, then verify that it is part of this module.
2. If 'nt-overlay' is a Web Component then add 'CUSTOM_ELEMENTS_SCHEMA' to the '@NgModule.schemas' of this component to suppress this message.
3. To allow any property add 'NO_ERRORS_SCHEMA' to the '@NgModule.schemas' of this component. ("<ng-content></ng-content>
<nt-overlay [ERROR ->][origin]="origin" [position]="position" [trigger]="trigger">
  <ng-content select="nt-dropdown-pane">")
: Can't bind to 'position' since it isn't a known property of 'nt-overlay'.
1. If 'nt-overlay' is an Angular component and it has 'position' input, then verify that it is part of this module.
2. If 'nt-overlay' is a Web Component then add 'CUSTOM_ELEMENTS_SCHEMA' to the '@NgModule.schemas' of this component to suppress this message.
3. To allow any property add 'NO_ERRORS_SCHEMA' to the '@NgModule.schemas' of this component. ("<ng-content></ng-content>
<nt-overlay [origin]="origin" [ERROR ->][position]="position" [trigger]="trigger">
  <ng-content select="nt-dropdown-pane"></ng-content>
</nt")
: Can't bind to 'trigger' since it isn't a known property of 'nt-overlay'.
1. If 'nt-overlay' is an Angular component and it has 'trigger' input, then verify that it is part of this module.
2. If 'nt-overlay' is a Web Component then add 'CUSTOM_ELEMENTS_SCHEMA' to the '@NgModule.schemas' of this component to suppress this message.
3. To allow any property add 'NO_ERRORS_SCHEMA' to the '@NgModule.schemas' of this component. ("<ng-content></ng-content>
<nt-overlay [origin]="origin" [position]="position" [ERROR ->][trigger]="trigger">
  <ng-content select="nt-dropdown-pane"></ng-content>
</nt-overlay>
")
: 'nt-overlay' is not a known element:
1. If 'nt-overlay' is an Angular component, then verify that it is part of this module.
2. If 'nt-overlay' is a Web Component then add 'CUSTOM_ELEMENTS_SCHEMA' to the '@NgModule.schemas' of this component to suppress this message. ("<ng-content></ng-content>
[ERROR ->]<nt-overlay [origin]="origin" [position]="position" [trigger]="trigger">
  <ng-content select="nt-dro")

tooltip.component.ts(5,55): error TS2307: Cannot find module '@ng-tangram/components/core'.
tooltip.module.ts(3,33): error TS2307: Cannot find module '@ng-tangram/components/core'.
tooltip.module.ts(8,27): Error during template compile of 'NtTooltipModule'
  Could not resolve @ng-tangram/components/core relative to /Users/Vurtne/Projects/Github/ng-tangram/out-tsc/libs/components/tooltip/tooltip.module.ts..
tooltip.module.ts(9,13): Error during template compile of 'NtTooltipModule'
  Could not resolve @ng-tangram/components/core relative to /Users/Vurtne/Projects/Github/ng-tangram/out-tsc/libs/components/tooltip/tooltip.module.ts..
tooltip.component.ts(23,14): Error during template compile of 'NtTooltipComponent'
  Could not resolve @ng-tangram/components/core relative to /Users/Vurtne/Projects/Github/ng-tangram/out-tsc/libs/components/tooltip/tooltip.component.ts..
: Can't construct a query for the property "overlay" of "NtTooltipComponent in /Users/Vurtne/Projects/Github/ng-tangram/out-tsc/libs/components/tooltip/tooltip.component.ts" since the query selector wasn't defined.
: Can't bind to 'origin' since it isn't a known property of 'nt-overlay'.
1. If 'nt-overlay' is an Angular component and it has 'origin' input, then verify that it is part of this module.
2. If 'nt-overlay' is a Web Component then add 'CUSTOM_ELEMENTS_SCHEMA' to the '@NgModule.schemas' of this component to suppress this message.
3. To allow any property add 'NO_ERRORS_SCHEMA' to the '@NgModule.schemas' of this component. ("<ng-content></ng-content>
<nt-overlay [ERROR ->][origin]="origin" [position]="position" trigger="hover" overlayClass="tootip-overlay" arrow>
  <div c")
: Can't bind to 'position' since it isn't a known property of 'nt-overlay'.
1. If 'nt-overlay' is an Angular component and it has 'position' input, then verify that it is part of this module.
2. If 'nt-overlay' is a Web Component then add 'CUSTOM_ELEMENTS_SCHEMA' to the '@NgModule.schemas' of this component to suppress this message.
3. To allow any property add 'NO_ERRORS_SCHEMA' to the '@NgModule.schemas' of this component. ("<ng-content></ng-content>
<nt-overlay [origin]="origin" [ERROR ->][position]="position" trigger="hover" overlayClass="tootip-overlay" arrow>
  <div class="tooltip">
  ")
: 'nt-overlay' is not a known element:
1. If 'nt-overlay' is an Angular component, then verify that it is part of this module.
2. If 'nt-overlay' is a Web Component then add 'CUSTOM_ELEMENTS_SCHEMA' to the '@NgModule.schemas' of this component to suppress this message. ("<ng-content></ng-content>
[ERROR ->]<nt-overlay [origin]="origin" [position]="position" trigger="hover" overlayClass="tootip-overlay" arr")

/Users/Vurtne/Projects/Github/ng-tangram/out-tsc/libs/components
tooltip.component.ts(5,55): error TS2307: Cannot find module '@ng-tangram/components/core'.
tooltip.module.ts(3,33): error TS2307: Cannot find module '@ng-tangram/components/core'.
tooltip.module.ts(8,27): Error during template compile of 'NtTooltipModule'
  Could not resolve @ng-tangram/components/core relative to /Users/Vurtne/Projects/Github/ng-tangram/out-tsc/libs/components/tooltip/tooltip.module.ts..
tooltip.module.ts(9,13): Error during template compile of 'NtTooltipModule'
  Could not resolve @ng-tangram/components/core relative to /Users/Vurtne/Projects/Github/ng-tangram/out-tsc/libs/components/tooltip/tooltip.module.ts..
tooltip.component.ts(23,14): Error during template compile of 'NtTooltipComponent'
  Could not resolve @ng-tangram/components/core relative to /Users/Vurtne/Projects/Github/ng-tangram/out-tsc/libs/components/tooltip/tooltip.component.ts..
: Can't construct a query for the property "overlay" of "NtTooltipComponent in /Users/Vurtne/Projects/Github/ng-tangram/out-tsc/libs/components/tooltip/tooltip.component.ts" since the query selector wasn't defined.
: Can't bind to 'origin' since it isn't a known property of 'nt-overlay'.
1. If 'nt-overlay' is an Angular component and it has 'origin' input, then verify that it is part of this module.
2. If 'nt-overlay' is a Web Component then add 'CUSTOM_ELEMENTS_SCHEMA' to the '@NgModule.schemas' of this component to suppress this message.
3. To allow any property add 'NO_ERRORS_SCHEMA' to the '@NgModule.schemas' of this component. ("<ng-content></ng-content>
<nt-overlay [ERROR ->][origin]="origin" [position]="position" trigger="hover" overlayClass="tootip-overlay" arrow>
  <div c")
: Can't bind to 'position' since it isn't a known property of 'nt-overlay'.
1. If 'nt-overlay' is an Angular component and it has 'position' input, then verify that it is part of this module.
2. If 'nt-overlay' is a Web Component then add 'CUSTOM_ELEMENTS_SCHEMA' to the '@NgModule.schemas' of this component to suppress this message.
3. To allow any property add 'NO_ERRORS_SCHEMA' to the '@NgModule.schemas' of this component. ("<ng-content></ng-content>
<nt-overlay [origin]="origin" [ERROR ->][position]="position" trigger="hover" overlayClass="tootip-overlay" arrow>
  <div class="tooltip">
  ")
: 'nt-overlay' is not a known element:
1. If 'nt-overlay' is an Angular component, then verify that it is part of this module.
2. If 'nt-overlay' is a Web Component then add 'CUSTOM_ELEMENTS_SCHEMA' to the '@NgModule.schemas' of this component to suppress this message. ("<ng-content></ng-content>
[ERROR ->]<nt-overlay [origin]="origin" [position]="position" trigger="hover" overlayClass="tootip-overlay" arr")

modal-ref.ts(56,20): error TS2345: Argument of type '(event: KeyboardEvent) => boolean | undefined' is not assignable to parameter of type '(value: KeyboardEvent, index: number) => boolean'.
  Type 'boolean | undefined' is not assignable to type 'boolean'.
    Type 'undefined' is not assignable to type 'boolean'.

/Users/Vurtne/Projects/Github/ng-tangram/out-tsc/libs/components
modal-ref.ts(56,20): error TS2345: Argument of type '(event: KeyboardEvent) => boolean | undefined' is not assignable to parameter of type '(value: KeyboardEvent, index: number) => boolean'.
  Type 'boolean | undefined' is not assignable to type 'boolean'.
    Type 'undefined' is not assignable to type 'boolean'.

select.component.ts(14,8): error TS2307: Cannot find module '@ng-tangram/components/core'.
select.component.ts(16,36): error TS2307: Cannot find module '@ng-tangram/components/forms'.
../dropdown/dropdown.component.ts(8,8): error TS2307: Cannot find module '@ng-tangram/components/core'.
../dropdown/dropdown.module.ts(3,33): error TS2307: Cannot find module '@ng-tangram/components/core'.
select.module.ts(3,68): error TS2307: Cannot find module '@ng-tangram/components/core'.
select.module.ts(9,27): Error during template compile of 'NtSelectModule'
  Could not resolve @ng-tangram/components/core relative to /Users/Vurtne/Projects/Github/ng-tangram/out-tsc/libs/components/select/select.module.ts..
select.module.ts(9,44): Error during template compile of 'NtSelectModule'
  Could not resolve @ng-tangram/components/core relative to /Users/Vurtne/Projects/Github/ng-tangram/out-tsc/libs/components/select/select.module.ts..
select.module.ts(10,13): Error during template compile of 'NtSelectModule'
  Could not resolve @ng-tangram/components/core relative to /Users/Vurtne/Projects/Github/ng-tangram/out-tsc/libs/components/select/select.module.ts..
select.module.ts(10,49): Error during template compile of 'NtSelectModule'
  Could not resolve @ng-tangram/components/core relative to /Users/Vurtne/Projects/Github/ng-tangram/out-tsc/libs/components/select/select.module.ts..
select.component.ts(49,16): Error during template compile of 'NtSelectComponent'
  Could not resolve @ng-tangram/components/core relative to /Users/Vurtne/Projects/Github/ng-tangram/out-tsc/libs/components/select/select.component.ts..
select.component.ts(50,16): Error during template compile of 'NtSelectComponent'
  Could not resolve @ng-tangram/components/forms relative to /Users/Vurtne/Projects/Github/ng-tangram/out-tsc/libs/components/select/select.component.ts..
select.component.ts(138,14): Error during template compile of 'NtSelectComponent'
  Could not resolve @ng-tangram/components/core relative to /Users/Vurtne/Projects/Github/ng-tangram/out-tsc/libs/components/select/select.component.ts..
select.component.ts(139,20): Error during template compile of 'NtSelectComponent'
  Could not resolve @ng-tangram/components/core relative to /Users/Vurtne/Projects/Github/ng-tangram/out-tsc/libs/components/select/select.component.ts..
: Invalid providers for "NtSelectComponent in /Users/Vurtne/Projects/Github/ng-tangram/out-tsc/libs/components/select/select.component.ts" - only instances of Provider and Type are allowed, got: [?[object Object]?, ...]
: Invalid providers for "NtSelectComponent in /Users/Vurtne/Projects/Github/ng-tangram/out-tsc/libs/components/select/select.component.ts" - only instances of Provider and Type are allowed, got: [[object Object], ?[object Object]?]
: Can't construct a query for the property "options" of "NtSelectComponent in /Users/Vurtne/Projects/Github/ng-tangram/out-tsc/libs/components/select/select.component.ts" since the query selector wasn't defined.
: Can't construct a query for the property "overlay" of "NtSelectComponent in /Users/Vurtne/Projects/Github/ng-tangram/out-tsc/libs/components/select/select.component.ts" since the query selector wasn't defined.
../dropdown/dropdown.module.ts(9,27): Error during template compile of 'NtDropdownModule'
  Could not resolve @ng-tangram/components/core relative to /Users/Vurtne/Projects/Github/ng-tangram/out-tsc/libs/components/dropdown/dropdown.module.ts..
../dropdown/dropdown.module.ts(11,13): Error during template compile of 'NtDropdownModule'
  Could not resolve @ng-tangram/components/core relative to /Users/Vurtne/Projects/Github/ng-tangram/out-tsc/libs/components/dropdown/dropdown.module.ts..
../dropdown/dropdown.component.ts(28,14): Error during template compile of 'NtDropdownComponent'
  Could not resolve @ng-tangram/components/core relative to /Users/Vurtne/Projects/Github/ng-tangram/out-tsc/libs/components/dropdown/dropdown.component.ts..
: Can't construct a query for the property "overlay" of "NtDropdownComponent in /Users/Vurtne/Projects/Github/ng-tangram/out-tsc/libs/components/dropdown/dropdown.component.ts" since the query selector wasn't defined.
: Can't bind to 'origin' since it isn't a known property of 'nt-overlay'.
1. If 'nt-overlay' is an Angular component and it has 'origin' input, then verify that it is part of this module.
2. If 'nt-overlay' is a Web Component then add 'CUSTOM_ELEMENTS_SCHEMA' to the '@NgModule.schemas' of this component to suppress this message.
3. To allow any property add 'NO_ERRORS_SCHEMA' to the '@NgModule.schemas' of this component. ("
<span class="nt-select-caret"></span>
<nt-overlay
  [ERROR ->][origin]="origin" trigger="click" position="bottomLeft" fixed
  (opened)="onOpen()" (closed)="onClose")
: 'nt-overlay' is not a known element:
1. If 'nt-overlay' is an Angular component, then verify that it is part of this module.
2. If 'nt-overlay' is a Web Component then add 'CUSTOM_ELEMENTS_SCHEMA' to the '@NgModule.schemas' of this component to suppress this message. ("
  [value]="filter && focused ? '' : triggerValue">
<span class="nt-select-caret"></span>
[ERROR ->]<nt-overlay
  [origin]="origin" trigger="click" position="bottomLeft" fixed
  (opened)="onOpen()" (cl")

/Users/Vurtne/Projects/Github/ng-tangram/out-tsc/libs/components
select.component.ts(14,8): error TS2307: Cannot find module '@ng-tangram/components/core'.
select.component.ts(16,36): error TS2307: Cannot find module '@ng-tangram/components/forms'.
../dropdown/dropdown.component.ts(8,8): error TS2307: Cannot find module '@ng-tangram/components/core'.
../dropdown/dropdown.module.ts(3,33): error TS2307: Cannot find module '@ng-tangram/components/core'.
select.module.ts(3,68): error TS2307: Cannot find module '@ng-tangram/components/core'.
select.module.ts(9,27): Error during template compile of 'NtSelectModule'
  Could not resolve @ng-tangram/components/core relative to /Users/Vurtne/Projects/Github/ng-tangram/out-tsc/libs/components/select/select.module.ts..
select.module.ts(9,44): Error during template compile of 'NtSelectModule'
  Could not resolve @ng-tangram/components/core relative to /Users/Vurtne/Projects/Github/ng-tangram/out-tsc/libs/components/select/select.module.ts..
select.module.ts(10,13): Error during template compile of 'NtSelectModule'
  Could not resolve @ng-tangram/components/core relative to /Users/Vurtne/Projects/Github/ng-tangram/out-tsc/libs/components/select/select.module.ts..
select.module.ts(10,49): Error during template compile of 'NtSelectModule'
  Could not resolve @ng-tangram/components/core relative to /Users/Vurtne/Projects/Github/ng-tangram/out-tsc/libs/components/select/select.module.ts..
select.component.ts(49,16): Error during template compile of 'NtSelectComponent'
  Could not resolve @ng-tangram/components/core relative to /Users/Vurtne/Projects/Github/ng-tangram/out-tsc/libs/components/select/select.component.ts..
select.component.ts(50,16): Error during template compile of 'NtSelectComponent'
  Could not resolve @ng-tangram/components/forms relative to /Users/Vurtne/Projects/Github/ng-tangram/out-tsc/libs/components/select/select.component.ts..
select.component.ts(138,14): Error during template compile of 'NtSelectComponent'
  Could not resolve @ng-tangram/components/core relative to /Users/Vurtne/Projects/Github/ng-tangram/out-tsc/libs/components/select/select.component.ts..
select.component.ts(139,20): Error during template compile of 'NtSelectComponent'
  Could not resolve @ng-tangram/components/core relative to /Users/Vurtne/Projects/Github/ng-tangram/out-tsc/libs/components/select/select.component.ts..
: Invalid providers for "NtSelectComponent in /Users/Vurtne/Projects/Github/ng-tangram/out-tsc/libs/components/select/select.component.ts" - only instances of Provider and Type are allowed, got: [?[object Object]?, ...]
: Invalid providers for "NtSelectComponent in /Users/Vurtne/Projects/Github/ng-tangram/out-tsc/libs/components/select/select.component.ts" - only instances of Provider and Type are allowed, got: [[object Object], ?[object Object]?]
: Can't construct a query for the property "options" of "NtSelectComponent in /Users/Vurtne/Projects/Github/ng-tangram/out-tsc/libs/components/select/select.component.ts" since the query selector wasn't defined.
: Can't construct a query for the property "overlay" of "NtSelectComponent in /Users/Vurtne/Projects/Github/ng-tangram/out-tsc/libs/components/select/select.component.ts" since the query selector wasn't defined.
../dropdown/dropdown.module.ts(9,27): Error during template compile of 'NtDropdownModule'
  Could not resolve @ng-tangram/components/core relative to /Users/Vurtne/Projects/Github/ng-tangram/out-tsc/libs/components/dropdown/dropdown.module.ts..
../dropdown/dropdown.module.ts(11,13): Error during template compile of 'NtDropdownModule'
  Could not resolve @ng-tangram/components/core relative to /Users/Vurtne/Projects/Github/ng-tangram/out-tsc/libs/components/dropdown/dropdown.module.ts..
../dropdown/dropdown.component.ts(28,14): Error during template compile of 'NtDropdownComponent'
  Could not resolve @ng-tangram/components/core relative to /Users/Vurtne/Projects/Github/ng-tangram/out-tsc/libs/components/dropdown/dropdown.component.ts..
: Can't construct a query for the property "overlay" of "NtDropdownComponent in /Users/Vurtne/Projects/Github/ng-tangram/out-tsc/libs/components/dropdown/dropdown.component.ts" since the query selector wasn't defined.
: Can't bind to 'origin' since it isn't a known property of 'nt-overlay'.
1. If 'nt-overlay' is an Angular component and it has 'origin' input, then verify that it is part of this module.
2. If 'nt-overlay' is a Web Component then add 'CUSTOM_ELEMENTS_SCHEMA' to the '@NgModule.schemas' of this component to suppress this message.
3. To allow any property add 'NO_ERRORS_SCHEMA' to the '@NgModule.schemas' of this component. ("
<span class="nt-select-caret"></span>
<nt-overlay
  [ERROR ->][origin]="origin" trigger="click" position="bottomLeft" fixed
  (opened)="onOpen()" (closed)="onClose")
: 'nt-overlay' is not a known element:
1. If 'nt-overlay' is an Angular component, then verify that it is part of this module.
2. If 'nt-overlay' is a Web Component then add 'CUSTOM_ELEMENTS_SCHEMA' to the '@NgModule.schemas' of this component to suppress this message. ("
  [value]="filter && focused ? '' : triggerValue">
<span class="nt-select-caret"></span>
[ERROR ->]<nt-overlay
  [origin]="origin" trigger="click" position="bottomLeft" fixed
  (opened)="onOpen()" (cl")

input.directive.ts(5,36): error TS2307: Cannot find module '@ng-tangram/components/forms'.
input.directive.ts(16,16): Error during template compile of 'NtInputDirective'
  Could not resolve @ng-tangram/components/forms relative to /Users/Vurtne/Projects/Github/ng-tangram/out-tsc/libs/components/input/input.directive.ts..
: Invalid providers for "NtInputDirective in /Users/Vurtne/Projects/Github/ng-tangram/out-tsc/libs/components/input/input.directive.ts" - only instances of Provider and Type are allowed, got: [?[object Object]?]

/Users/Vurtne/Projects/Github/ng-tangram/out-tsc/libs/components
input.directive.ts(5,36): error TS2307: Cannot find module '@ng-tangram/components/forms'.
input.directive.ts(16,16): Error during template compile of 'NtInputDirective'
  Could not resolve @ng-tangram/components/forms relative to /Users/Vurtne/Projects/Github/ng-tangram/out-tsc/libs/components/input/input.directive.ts..
: Invalid providers for "NtInputDirective in /Users/Vurtne/Projects/Github/ng-tangram/out-tsc/libs/components/input/input.directive.ts" - only instances of Provider and Type are allowed, got: [?[object Object]?]

: TypeError: Cannot read property 'isSkipSelf' of null
    at ProviderElementContext._getDependency (/Users/Vurtne/Projects/Github/ng-tangram/node_modules/@angular/compiler/bundles/compiler.umd.js:19529:18)
    at /Users/Vurtne/Projects/Github/ng-tangram/node_modules/@angular/compiler/bundles/compiler.umd.js:19450:62
    at Array.map (<anonymous>)
    at /Users/Vurtne/Projects/Github/ng-tangram/node_modules/@angular/compiler/bundles/compiler.umd.js:19450:26
    at Array.map (<anonymous>)
    at ProviderElementContext._getOrCreateLocalProvider (/Users/Vurtne/Projects/Github/ng-tangram/node_modules/@angular/compiler/bundles/compiler.umd.js:19428:80)
    at /Users/Vurtne/Projects/Github/ng-tangram/node_modules/@angular/compiler/bundles/compiler.umd.js:19277:23
    at Array.forEach (<anonymous>)
    at new ProviderElementContext (/Users/Vurtne/Projects/Github/ng-tangram/node_modules/@angular/compiler/bundles/compiler.umd.js:19274:49)
    at TemplateParseVisitor.visitElement (/Users/Vurtne/Projects/Github/ng-tangram/node_modules/@angular/compiler/bundles/compiler.umd.js:25015:48)

/Users/Vurtne/Projects/Github/ng-tangram/out-tsc/libs/components
: TypeError: Cannot read property 'isSkipSelf' of null
    at ProviderElementContext._getDependency (/Users/Vurtne/Projects/Github/ng-tangram/node_modules/@angular/compiler/bundles/compiler.umd.js:19529:18)
    at /Users/Vurtne/Projects/Github/ng-tangram/node_modules/@angular/compiler/bundles/compiler.umd.js:19450:62
    at Array.map (<anonymous>)
    at /Users/Vurtne/Projects/Github/ng-tangram/node_modules/@angular/compiler/bundles/compiler.umd.js:19450:26
    at Array.map (<anonymous>)
    at ProviderElementContext._getOrCreateLocalProvider (/Users/Vurtne/Projects/Github/ng-tangram/node_modules/@angular/compiler/bundles/compiler.umd.js:19428:80)
    at /Users/Vurtne/Projects/Github/ng-tangram/node_modules/@angular/compiler/bundles/compiler.umd.js:19277:23
    at Array.forEach (<anonymous>)
    at new ProviderElementContext (/Users/Vurtne/Projects/Github/ng-tangram/node_modules/@angular/compiler/bundles/compiler.umd.js:19274:49)
    at TemplateParseVisitor.visitElement (/Users/Vurtne/Projects/Github/ng-tangram/node_modules/@angular/compiler/bundles/compiler.umd.js:25015:48)

public-api.ts(5,15): error TS2307: Cannot find module '@ng-tangram/components/button'.
public-api.ts(7,15): error TS2307: Cannot find module '@ng-tangram/components/core'.
public-api.ts(8,15): error TS2307: Cannot find module '@ng-tangram/components/datepicker'.
public-api.ts(9,15): error TS2307: Cannot find module '@ng-tangram/components/dropdown'.
public-api.ts(10,15): error TS2307: Cannot find module '@ng-tangram/components/forms'.
public-api.ts(11,15): error TS2307: Cannot find module '@ng-tangram/components/input'.
public-api.ts(14,15): error TS2307: Cannot find module '@ng-tangram/components/pagination'.
public-api.ts(15,15): error TS2307: Cannot find module '@ng-tangram/components/popconfirm'.
public-api.ts(16,15): error TS2307: Cannot find module '@ng-tangram/components/popover'.
public-api.ts(18,15): error TS2307: Cannot find module '@ng-tangram/components/select'.
public-api.ts(19,15): error TS2307: Cannot find module '@ng-tangram/components/table'.
public-api.ts(20,15): error TS2307: Cannot find module '@ng-tangram/components/tooltip'.
: Unexpected value 'undefined' imported by the module 'NtCalloutModule in /Users/Vurtne/Projects/Github/ng-tangram/dist/@ng-tangram/components/callout/index.d.ts'

/Users/Vurtne/Projects/Github/ng-tangram/out-tsc/libs/components
public-api.ts(5,15): error TS2307: Cannot find module '@ng-tangram/components/button'.
public-api.ts(7,15): error TS2307: Cannot find module '@ng-tangram/components/core'.
public-api.ts(8,15): error TS2307: Cannot find module '@ng-tangram/components/datepicker'.
public-api.ts(9,15): error TS2307: Cannot find module '@ng-tangram/components/dropdown'.
public-api.ts(10,15): error TS2307: Cannot find module '@ng-tangram/components/forms'.
public-api.ts(11,15): error TS2307: Cannot find module '@ng-tangram/components/input'.
public-api.ts(14,15): error TS2307: Cannot find module '@ng-tangram/components/pagination'.
public-api.ts(15,15): error TS2307: Cannot find module '@ng-tangram/components/popconfirm'.
public-api.ts(16,15): error TS2307: Cannot find module '@ng-tangram/components/popover'.
public-api.ts(18,15): error TS2307: Cannot find module '@ng-tangram/components/select'.
public-api.ts(19,15): error TS2307: Cannot find module '@ng-tangram/components/table'.
public-api.ts(20,15): error TS2307: Cannot find module '@ng-tangram/components/tooltip'.
: Unexpected value 'undefined' imported by the module 'NtCalloutModule in /Users/Vurtne/Projects/Github/ng-tangram/dist/@ng-tangram/components/callout/index.d.ts'

(node:60061) UnhandledPromiseRejectionWarning: undefined
(node:60061) UnhandledPromiseRejectionWarning: Unhandled promise rejection. This error originated either by throwing inside of an async function without a catch block, or by rejecting a promise which was not handled with .catch(). (rejection id: 1)
(node:60061) [DEP0018] DeprecationWarning: Unhandled promise rejections are deprecated. In the future, promise rejections that are not handled will terminate the Node.js process with a non-zero exit code.
(node:60061) UnhandledPromiseRejectionWarning: undefined
(node:60061) UnhandledPromiseRejectionWarning: Unhandled promise rejection. This error originated either by throwing inside of an async function without a catch block, or by rejecting a promise which was not handled with .catch(). (rejection id: 2)
(node:60061) UnhandledPromiseRejectionWarning: undefined
(node:60061) UnhandledPromiseRejectionWarning: Unhandled promise rejection. This error originated either by throwing inside of an async function without a catch block, or by rejecting a promise which was not handled with .catch(). (rejection id: 3)
(node:60061) UnhandledPromiseRejectionWarning: undefined
(node:60061) UnhandledPromiseRejectionWarning: Unhandled promise rejection. This error originated either by throwing inside of an async function without a catch block, or by rejecting a promise which was not handled with .catch(). (rejection id: 4)
(node:60061) UnhandledPromiseRejectionWarning: undefined
(node:60061) UnhandledPromiseRejectionWarning: Unhandled promise rejection. This error originated either by throwing inside of an async function without a catch block, or by rejecting a promise which was not handled with .catch(). (rejection id: 5)
(node:60061) UnhandledPromiseRejectionWarning: undefined
(node:60061) UnhandledPromiseRejectionWarning: Unhandled promise rejection. This error originated either by throwing inside of an async function without a catch block, or by rejecting a promise which was not handled with .catch(). (rejection id: 6)
(node:60061) UnhandledPromiseRejectionWarning: undefined
(node:60061) UnhandledPromiseRejectionWarning: Unhandled promise rejection. This error originated either by throwing inside of an async function without a catch block, or by rejecting a promise which was not handled with .catch(). (rejection id: 7)
(node:60061) UnhandledPromiseRejectionWarning: undefined
(node:60061) UnhandledPromiseRejectionWarning: Unhandled promise rejection. This error originated either by throwing inside of an async function without a catch block, or by rejecting a promise which was not handled with .catch(). (rejection id: 8)
(node:60061) UnhandledPromiseRejectionWarning: undefined
(node:60061) UnhandledPromiseRejectionWarning: Unhandled promise rejection. This error originated either by throwing inside of an async function without a catch block, or by rejecting a promise which was not handled with .catch(). (rejection id: 9)
(node:60061) UnhandledPromiseRejectionWarning: undefined
(node:60061) UnhandledPromiseRejectionWarning: Unhandled promise rejection. This error originated either by throwing inside of an async function without a catch block, or by rejecting a promise which was not handled with .catch(). (rejection id: 10)
(node:60061) UnhandledPromiseRejectionWarning: undefined
(node:60061) UnhandledPromiseRejectionWarning: Unhandled promise rejection. This error originated either by throwing inside of an async function without a catch block, or by rejecting a promise which was not handled with .catch(). (rejection id: 11)
(node:60061) UnhandledPromiseRejectionWarning: undefined
(node:60061) UnhandledPromiseRejectionWarning: Unhandled promise rejection. This error originated either by throwing inside of an async function without a catch block, or by rejecting a promise which was not handled with .catch(). (rejection id: 12)
(node:60061) UnhandledPromiseRejectionWarning: undefined
(node:60061) UnhandledPromiseRejectionWarning: Unhandled promise rejection. This error originated either by throwing inside of an async function without a catch block, or by rejecting a promise which was not handled with .catch(). (rejection id: 13)
(node:60061) UnhandledPromiseRejectionWarning: undefined
(node:60061) UnhandledPromiseRejectionWarning: Unhandled promise rejection. This error originated either by throwing inside of an async function without a catch block, or by rejecting a promise which was not handled with .catch(). (rejection id: 14)
(node:60061) UnhandledPromiseRejectionWarning: undefined
(node:60061) UnhandledPromiseRejectionWarning: Unhandled promise rejection. This error originated either by throwing inside of an async function without a catch block, or by rejecting a promise which was not handled with .catch(). (rejection id: 15)
(node:60061) UnhandledPromiseRejectionWarning: undefined
(node:60061) UnhandledPromiseRejectionWarning: Unhandled promise rejection. This error originated either by throwing inside of an async function without a catch block, or by rejecting a promise which was not handled with .catch(). (rejection id: 16)
(node:60061) UnhandledPromiseRejectionWarning: undefined
(node:60061) UnhandledPromiseRejectionWarning: Unhandled promise rejection. This error originated either by throwing inside of an async function without a catch block, or by rejecting a promise which was not handled with .catch(). (rejection id: 17)
(node:60061) UnhandledPromiseRejectionWarning: undefined
(node:60061) UnhandledPromiseRejectionWarning: Unhandled promise rejection. This error originated either by throwing inside of an async function without a catch block, or by rejecting a promise which was not handled with .catch(). (rejection id: 18)
(node:60061) UnhandledPromiseRejectionWarning: undefined
(node:60061) UnhandledPromiseRejectionWarning: Unhandled promise rejection. This error originated either by throwing inside of an async function without a catch block, or by rejecting a promise which was not handled with .catch(). (rejection id: 19)
(node:60061) UnhandledPromiseRejectionWarning: undefined
(node:60061) UnhandledPromiseRejectionWarning: Unhandled promise rejection. This error originated either by throwing inside of an async function without a catch block, or by rejecting a promise which was not handled with .catch(). (rejection id: 20)
(node:60061) UnhandledPromiseRejectionWarning: undefined
(node:60061) UnhandledPromiseRejectionWarning: Unhandled promise rejection. This error originated either by throwing inside of an async function without a catch block, or by rejecting a promise which was not handled with .catch(). (rejection id: 21)
(node:60061) UnhandledPromiseRejectionWarning: undefined
(node:60061) UnhandledPromiseRejectionWarning: Unhandled promise rejection. This error originated either by throwing inside of an async function without a catch block, or by rejecting a promise which was not handled with .catch(). (rejection id: 22)
(node:60061) UnhandledPromiseRejectionWarning: undefined
(node:60061) UnhandledPromiseRejectionWarning: Unhandled promise rejection. This error originated either by throwing inside of an async function without a catch block, or by rejecting a promise which was not handled with .catch(). (rejection id: 23)
(node:60061) UnhandledPromiseRejectionWarning: undefined
(node:60061) UnhandledPromiseRejectionWarning: Unhandled promise rejection. This error originated either by throwing inside of an async function without a catch block, or by rejecting a promise which was not handled with .catch(). (rejection id: 24)
(node:60061) UnhandledPromiseRejectionWarning: undefined
(node:60061) UnhandledPromiseRejectionWarning: Unhandled promise rejection. This error originated either by throwing inside of an async function without a catch block, or by rejecting a promise which was not handled with .catch(). (rejection id: 25)
(node:60061) UnhandledPromiseRejectionWarning: undefined
(node:60061) UnhandledPromiseRejectionWarning: Unhandled promise rejection. This error originated either by throwing inside of an async function without a catch block, or by rejecting a promise which was not handled with .catch(). (rejection id: 26)
(node:60061) UnhandledPromiseRejectionWarning: undefined
(node:60061) UnhandledPromiseRejectionWarning: Unhandled promise rejection. This error originated either by throwing inside of an async function without a catch block, or by rejecting a promise which was not handled with .catch(). (rejection id: 27)
(node:60061) UnhandledPromiseRejectionWarning: undefined
(node:60061) UnhandledPromiseRejectionWarning: Unhandled promise rejection. This error originated either by throwing inside of an async function without a catch block, or by rejecting a promise which was not handled with .catch(). (rejection id: 28)
➜  ng-tangram git:(master) ✗
➜  ng-tangram git:(master) ✗
➜  ng-tangram git:(master) ✗ node build
/Users/Vurtne/Projects/Github/ng-tangram/out-tsc/libs/animate
/Users/Vurtne/Projects/Github/ng-tangram/out-tsc/libs/components
form-field.component.ts(73,25): error TS2531: Object is possibly 'null'.
form-field.component.ts(90,51): error TS2345: Argument of type '() => Observable<any> | null' is not assignable to parameter of type '() => void | Subscribable<any> | PromiseLike<any>'.
  Type 'Observable<any> | null' is not assignable to type 'void | Subscribable<any> | PromiseLike<any>'.
    Type 'null' is not assignable to type 'void | Subscribable<any> | PromiseLike<any>'.
form-field.component.ts(116,7): error TS2322: Type 'boolean | null' is not assignable to type 'boolean'.
  Type 'null' is not assignable to type 'boolean'.
form-autofocus.directive.ts(30,38): error TS2345: Argument of type '(field: NtFormFieldComponent) => boolean | null' is not assignable to parameter of type '(item: NtFormFieldComponent, index: number, array: NtFormFieldComponent[]) => boolean'.
  Type 'boolean | null' is not assignable to type 'boolean'.
    Type 'null' is not assignable to type 'boolean'.
form-validation.ts(19,14): error TS2420: Class 'NtFormValidationTransformer' incorrectly implements interface 'NtValidationTransformer'.
  Types of property 'transform' are incompatible.
    Type '(errors: ValidationErrors, label?: string | undefined) => string | undefined' is not assignable to type '(value: ValidationErrors, label?: string | undefined) => string'.
      Type 'string | undefined' is not assignable to type 'string'.
        Type 'undefined' is not assignable to type 'string'.

/Users/Vurtne/Projects/Github/ng-tangram/out-tsc/libs/animate
/Users/Vurtne/Projects/Github/ng-tangram/out-tsc/libs/components
form-field.component.ts(73,25): error TS2531: Object is possibly 'null'.
form-field.component.ts(90,51): error TS2345: Argument of type '() => Observable<any> | null' is not assignable to parameter of type '() => void | Subscribable<any> | PromiseLike<any>'.
  Type 'Observable<any> | null' is not assignable to type 'void | Subscribable<any> | PromiseLike<any>'.
    Type 'null' is not assignable to type 'void | Subscribable<any> | PromiseLike<any>'.
form-field.component.ts(116,7): error TS2322: Type 'boolean | null' is not assignable to type 'boolean'.
  Type 'null' is not assignable to type 'boolean'.
form-autofocus.directive.ts(30,38): error TS2345: Argument of type '(field: NtFormFieldComponent) => boolean | null' is not assignable to parameter of type '(item: NtFormFieldComponent, index: number, array: NtFormFieldComponent[]) => boolean'.
  Type 'boolean | null' is not assignable to type 'boolean'.
    Type 'null' is not assignable to type 'boolean'.
form-validation.ts(19,14): error TS2420: Class 'NtFormValidationTransformer' incorrectly implements interface 'NtValidationTransformer'.
  Types of property 'transform' are incompatible.
    Type '(errors: ValidationErrors, label?: string | undefined) => string | undefined' is not assignable to type '(value: ValidationErrors, label?: string | undefined) => string'.
      Type 'string | undefined' is not assignable to type 'string'.
        Type 'undefined' is not assignable to type 'string'.

/Users/Vurtne/Projects/Github/ng-tangram/out-tsc/libs/animate
/Users/Vurtne/Projects/Github/ng-tangram/out-tsc/libs/components
^C
➜  ng-tangram git:(master) ✗ node build > build.log
form-field.component.ts(73,25): error TS2531: Object is possibly 'null'.
form-field.component.ts(90,51): error TS2345: Argument of type '() => Observable<any> | null' is not assignable to parameter of type '() => void | Subscribable<any> | PromiseLike<any>'.
  Type 'Observable<any> | null' is not assignable to type 'void | Subscribable<any> | PromiseLike<any>'.
    Type 'null' is not assignable to type 'void | Subscribable<any> | PromiseLike<any>'.
form-field.component.ts(116,7): error TS2322: Type 'boolean | null' is not assignable to type 'boolean'.
  Type 'null' is not assignable to type 'boolean'.
form-autofocus.directive.ts(30,38): error TS2345: Argument of type '(field: NtFormFieldComponent) => boolean | null' is not assignable to parameter of type '(item: NtFormFieldComponent, index: number, array: NtFormFieldComponent[]) => boolean'.
  Type 'boolean | null' is not assignable to type 'boolean'.
    Type 'null' is not assignable to type 'boolean'.
form-validation.ts(19,14): error TS2420: Class 'NtFormValidationTransformer' incorrectly implements interface 'NtValidationTransformer'.
  Types of property 'transform' are incompatible.
    Type '(errors: ValidationErrors, label?: string | undefined) => string | undefined' is not assignable to type '(value: ValidationErrors, label?: string | undefined) => string'.
      Type 'string | undefined' is not assignable to type 'string'.
        Type 'undefined' is not assignable to type 'string'.

form-field.component.ts(73,25): error TS2531: Object is possibly 'null'.
form-field.component.ts(90,51): error TS2345: Argument of type '() => Observable<any> | null' is not assignable to parameter of type '() => void | Subscribable<any> | PromiseLike<any>'.
  Type 'Observable<any> | null' is not assignable to type 'void | Subscribable<any> | PromiseLike<any>'.
    Type 'null' is not assignable to type 'void | Subscribable<any> | PromiseLike<any>'.
form-field.component.ts(116,7): error TS2322: Type 'boolean | null' is not assignable to type 'boolean'.
  Type 'null' is not assignable to type 'boolean'.
form-autofocus.directive.ts(30,38): error TS2345: Argument of type '(field: NtFormFieldComponent) => boolean | null' is not assignable to parameter of type '(item: NtFormFieldComponent, index: number, array: NtFormFieldComponent[]) => boolean'.
  Type 'boolean | null' is not assignable to type 'boolean'.
    Type 'null' is not assignable to type 'boolean'.
form-validation.ts(19,14): error TS2420: Class 'NtFormValidationTransformer' incorrectly implements interface 'NtValidationTransformer'.
  Types of property 'transform' are incompatible.
    Type '(errors: ValidationErrors, label?: string | undefined) => string | undefined' is not assignable to type '(value: ValidationErrors, label?: string | undefined) => string'.
      Type 'string | undefined' is not assignable to type 'string'.
        Type 'undefined' is not assignable to type 'string'.

../../../..(1,1): : Directive NtButtonComponent, Property 'type' does not exist on type 'NtButtonComponent'.

../../../..(1,1): : Directive NtButtonComponent, Property 'type' does not exist on type 'NtButtonComponent'.

pagination.component.ts(28,20): error TS2322: Type 'number | undefined' is not assignable to type 'number'.
  Type 'undefined' is not assignable to type 'number'.
pagination.component.ts(32,25): error TS2322: Type 'string | undefined' is not assignable to type 'string'.
  Type 'undefined' is not assignable to type 'string'.
pagination.component.ts(36,21): error TS2322: Type 'string | undefined' is not assignable to type 'string'.
  Type 'undefined' is not assignable to type 'string'.
pagination.component.ts(61,46): error TS2532: Object is possibly 'undefined'.
pagination.component.ts(64,34): error TS2532: Object is possibly 'undefined'.
pagination.component.ts(65,34): error TS2532: Object is possibly 'undefined'.

pagination.component.ts(28,20): error TS2322: Type 'number | undefined' is not assignable to type 'number'.
  Type 'undefined' is not assignable to type 'number'.
pagination.component.ts(32,25): error TS2322: Type 'string | undefined' is not assignable to type 'string'.
  Type 'undefined' is not assignable to type 'string'.
pagination.component.ts(36,21): error TS2322: Type 'string | undefined' is not assignable to type 'string'.
  Type 'undefined' is not assignable to type 'string'.
pagination.component.ts(61,46): error TS2532: Object is possibly 'undefined'.
pagination.component.ts(64,34): error TS2532: Object is possibly 'undefined'.
pagination.component.ts(65,34): error TS2532: Object is possibly 'undefined'.

table.component.ts(41,73): error TS2345: Argument of type 'null' is not assignable to parameter of type 'T[] | undefined'.
table.component.ts(122,41): error TS2532: Object is possibly 'undefined'.
: Unexpected value 'NtOverlayModule in /Users/Vurtne/Projects/Github/ng-tangram/dist/@ng-tangram/components/core/overlay/overlay.module.d.ts' imported by the module 'NtTableModule in /Users/Vurtne/Projects/Github/ng-tangram/out-tsc/libs/components/table/table.module.ts'. Please add a @NgModule annotation.
: Can't export value NtOverlayModule in /Users/Vurtne/Projects/Github/ng-tangram/dist/@ng-tangram/components/core/overlay/overlay.module.d.ts from NtTableModule in /Users/Vurtne/Projects/Github/ng-tangram/out-tsc/libs/components/table/table.module.ts as it was neither declared nor imported!

table.component.ts(41,73): error TS2345: Argument of type 'null' is not assignable to parameter of type 'T[] | undefined'.
table.component.ts(122,41): error TS2532: Object is possibly 'undefined'.
: Unexpected value 'NtOverlayModule in /Users/Vurtne/Projects/Github/ng-tangram/dist/@ng-tangram/components/core/overlay/overlay.module.d.ts' imported by the module 'NtTableModule in /Users/Vurtne/Projects/Github/ng-tangram/out-tsc/libs/components/table/table.module.ts'. Please add a @NgModule annotation.
: Can't export value NtOverlayModule in /Users/Vurtne/Projects/Github/ng-tangram/dist/@ng-tangram/components/core/overlay/overlay.module.d.ts from NtTableModule in /Users/Vurtne/Projects/Github/ng-tangram/out-tsc/libs/components/table/table.module.ts as it was neither declared nor imported!

: Unexpected value 'NtOverlayModule in /Users/Vurtne/Projects/Github/ng-tangram/dist/@ng-tangram/components/core/overlay/overlay.module.d.ts' imported by the module 'NtDropdownModule in /Users/Vurtne/Projects/Github/ng-tangram/out-tsc/libs/components/dropdown/dropdown.module.ts'. Please add a @NgModule annotation.
: Can't export value NtOverlayModule in /Users/Vurtne/Projects/Github/ng-tangram/dist/@ng-tangram/components/core/overlay/overlay.module.d.ts from NtDropdownModule in /Users/Vurtne/Projects/Github/ng-tangram/out-tsc/libs/components/dropdown/dropdown.module.ts as it was neither declared nor imported!
: Can't bind to 'origin' since it isn't a known property of 'nt-overlay'.
1. If 'nt-overlay' is an Angular component and it has 'origin' input, then verify that it is part of this module.
2. If 'nt-overlay' is a Web Component then add 'CUSTOM_ELEMENTS_SCHEMA' to the '@NgModule.schemas' of this component to suppress this message.
3. To allow any property add 'NO_ERRORS_SCHEMA' to the '@NgModule.schemas' of this component. ("<ng-content></ng-content>
<nt-overlay [ERROR ->][origin]="origin" [position]="position" [trigger]="trigger">
  <ng-content select="nt-dropdown-pane">")
: Can't bind to 'position' since it isn't a known property of 'nt-overlay'.
1. If 'nt-overlay' is an Angular component and it has 'position' input, then verify that it is part of this module.
2. If 'nt-overlay' is a Web Component then add 'CUSTOM_ELEMENTS_SCHEMA' to the '@NgModule.schemas' of this component to suppress this message.
3. To allow any property add 'NO_ERRORS_SCHEMA' to the '@NgModule.schemas' of this component. ("<ng-content></ng-content>
<nt-overlay [origin]="origin" [ERROR ->][position]="position" [trigger]="trigger">
  <ng-content select="nt-dropdown-pane"></ng-content>
</nt")
: Can't bind to 'trigger' since it isn't a known property of 'nt-overlay'.
1. If 'nt-overlay' is an Angular component and it has 'trigger' input, then verify that it is part of this module.
2. If 'nt-overlay' is a Web Component then add 'CUSTOM_ELEMENTS_SCHEMA' to the '@NgModule.schemas' of this component to suppress this message.
3. To allow any property add 'NO_ERRORS_SCHEMA' to the '@NgModule.schemas' of this component. ("<ng-content></ng-content>
<nt-overlay [origin]="origin" [position]="position" [ERROR ->][trigger]="trigger">
  <ng-content select="nt-dropdown-pane"></ng-content>
</nt-overlay>
")
: 'nt-overlay' is not a known element:
1. If 'nt-overlay' is an Angular component, then verify that it is part of this module.
2. If 'nt-overlay' is a Web Component then add 'CUSTOM_ELEMENTS_SCHEMA' to the '@NgModule.schemas' of this component to suppress this message. ("<ng-content></ng-content>
[ERROR ->]<nt-overlay [origin]="origin" [position]="position" [trigger]="trigger">
  <ng-content select="nt-dro")

: Unexpected value 'NtOverlayModule in /Users/Vurtne/Projects/Github/ng-tangram/dist/@ng-tangram/components/core/overlay/overlay.module.d.ts' imported by the module 'NtDropdownModule in /Users/Vurtne/Projects/Github/ng-tangram/out-tsc/libs/components/dropdown/dropdown.module.ts'. Please add a @NgModule annotation.
: Can't export value NtOverlayModule in /Users/Vurtne/Projects/Github/ng-tangram/dist/@ng-tangram/components/core/overlay/overlay.module.d.ts from NtDropdownModule in /Users/Vurtne/Projects/Github/ng-tangram/out-tsc/libs/components/dropdown/dropdown.module.ts as it was neither declared nor imported!
: Can't bind to 'origin' since it isn't a known property of 'nt-overlay'.
1. If 'nt-overlay' is an Angular component and it has 'origin' input, then verify that it is part of this module.
2. If 'nt-overlay' is a Web Component then add 'CUSTOM_ELEMENTS_SCHEMA' to the '@NgModule.schemas' of this component to suppress this message.
3. To allow any property add 'NO_ERRORS_SCHEMA' to the '@NgModule.schemas' of this component. ("<ng-content></ng-content>
<nt-overlay [ERROR ->][origin]="origin" [position]="position" [trigger]="trigger">
  <ng-content select="nt-dropdown-pane">")
: Can't bind to 'position' since it isn't a known property of 'nt-overlay'.
1. If 'nt-overlay' is an Angular component and it has 'position' input, then verify that it is part of this module.
2. If 'nt-overlay' is a Web Component then add 'CUSTOM_ELEMENTS_SCHEMA' to the '@NgModule.schemas' of this component to suppress this message.
3. To allow any property add 'NO_ERRORS_SCHEMA' to the '@NgModule.schemas' of this component. ("<ng-content></ng-content>
<nt-overlay [origin]="origin" [ERROR ->][position]="position" [trigger]="trigger">
  <ng-content select="nt-dropdown-pane"></ng-content>
</nt")
: Can't bind to 'trigger' since it isn't a known property of 'nt-overlay'.
1. If 'nt-overlay' is an Angular component and it has 'trigger' input, then verify that it is part of this module.
2. If 'nt-overlay' is a Web Component then add 'CUSTOM_ELEMENTS_SCHEMA' to the '@NgModule.schemas' of this component to suppress this message.
3. To allow any property add 'NO_ERRORS_SCHEMA' to the '@NgModule.schemas' of this component. ("<ng-content></ng-content>
<nt-overlay [origin]="origin" [position]="position" [ERROR ->][trigger]="trigger">
  <ng-content select="nt-dropdown-pane"></ng-content>
</nt-overlay>
")
: 'nt-overlay' is not a known element:
1. If 'nt-overlay' is an Angular component, then verify that it is part of this module.
2. If 'nt-overlay' is a Web Component then add 'CUSTOM_ELEMENTS_SCHEMA' to the '@NgModule.schemas' of this component to suppress this message. ("<ng-content></ng-content>
[ERROR ->]<nt-overlay [origin]="origin" [position]="position" [trigger]="trigger">
  <ng-content select="nt-dro")

: Unexpected value 'NtOverlayModule in /Users/Vurtne/Projects/Github/ng-tangram/dist/@ng-tangram/components/core/overlay/overlay.module.d.ts' imported by the module 'NtPopConfirmModule in /Users/Vurtne/Projects/Github/ng-tangram/out-tsc/libs/components/popconfirm/popconfirm.module.ts'. Please add a @NgModule annotation.
: Unexpected value 'NtOverlayModule in /Users/Vurtne/Projects/Github/ng-tangram/dist/@ng-tangram/components/core/overlay/overlay.module.d.ts' imported by the module 'NtDropdownModule in /Users/Vurtne/Projects/Github/ng-tangram/out-tsc/libs/components/dropdown/dropdown.module.ts'. Please add a @NgModule annotation.
: Can't export value NtOverlayModule in /Users/Vurtne/Projects/Github/ng-tangram/dist/@ng-tangram/components/core/overlay/overlay.module.d.ts from NtDropdownModule in /Users/Vurtne/Projects/Github/ng-tangram/out-tsc/libs/components/dropdown/dropdown.module.ts as it was neither declared nor imported!
: Can't export value NtOverlayModule in /Users/Vurtne/Projects/Github/ng-tangram/dist/@ng-tangram/components/core/overlay/overlay.module.d.ts from NtPopConfirmModule in /Users/Vurtne/Projects/Github/ng-tangram/out-tsc/libs/components/popconfirm/popconfirm.module.ts as it was neither declared nor imported!
: Can't bind to 'origin' since it isn't a known property of 'nt-overlay'.
1. If 'nt-overlay' is an Angular component and it has 'origin' input, then verify that it is part of this module.
2. If 'nt-overlay' is a Web Component then add 'CUSTOM_ELEMENTS_SCHEMA' to the '@NgModule.schemas' of this component to suppress this message.
3. To allow any property add 'NO_ERRORS_SCHEMA' to the '@NgModule.schemas' of this component. ("<ng-content></ng-content>
<nt-overlay [ERROR ->][origin]="origin" [position]="position" [trigger]="trigger">
  <ng-content select="nt-dropdown-pane">")
: Can't bind to 'position' since it isn't a known property of 'nt-overlay'.
1. If 'nt-overlay' is an Angular component and it has 'position' input, then verify that it is part of this module.
2. If 'nt-overlay' is a Web Component then add 'CUSTOM_ELEMENTS_SCHEMA' to the '@NgModule.schemas' of this component to suppress this message.
3. To allow any property add 'NO_ERRORS_SCHEMA' to the '@NgModule.schemas' of this component. ("<ng-content></ng-content>
<nt-overlay [origin]="origin" [ERROR ->][position]="position" [trigger]="trigger">
  <ng-content select="nt-dropdown-pane"></ng-content>
</nt")
: Can't bind to 'trigger' since it isn't a known property of 'nt-overlay'.
1. If 'nt-overlay' is an Angular component and it has 'trigger' input, then verify that it is part of this module.
2. If 'nt-overlay' is a Web Component then add 'CUSTOM_ELEMENTS_SCHEMA' to the '@NgModule.schemas' of this component to suppress this message.
3. To allow any property add 'NO_ERRORS_SCHEMA' to the '@NgModule.schemas' of this component. ("<ng-content></ng-content>
<nt-overlay [origin]="origin" [position]="position" [ERROR ->][trigger]="trigger">
  <ng-content select="nt-dropdown-pane"></ng-content>
</nt-overlay>
")
: 'nt-overlay' is not a known element:
1. If 'nt-overlay' is an Angular component, then verify that it is part of this module.
2. If 'nt-overlay' is a Web Component then add 'CUSTOM_ELEMENTS_SCHEMA' to the '@NgModule.schemas' of this component to suppress this message. ("<ng-content></ng-content>
[ERROR ->]<nt-overlay [origin]="origin" [position]="position" [trigger]="trigger">
  <ng-content select="nt-dro")

: Unexpected value 'NtOverlayModule in /Users/Vurtne/Projects/Github/ng-tangram/dist/@ng-tangram/components/core/overlay/overlay.module.d.ts' imported by the module 'NtPopConfirmModule in /Users/Vurtne/Projects/Github/ng-tangram/out-tsc/libs/components/popconfirm/popconfirm.module.ts'. Please add a @NgModule annotation.
: Unexpected value 'NtOverlayModule in /Users/Vurtne/Projects/Github/ng-tangram/dist/@ng-tangram/components/core/overlay/overlay.module.d.ts' imported by the module 'NtDropdownModule in /Users/Vurtne/Projects/Github/ng-tangram/out-tsc/libs/components/dropdown/dropdown.module.ts'. Please add a @NgModule annotation.
: Can't export value NtOverlayModule in /Users/Vurtne/Projects/Github/ng-tangram/dist/@ng-tangram/components/core/overlay/overlay.module.d.ts from NtDropdownModule in /Users/Vurtne/Projects/Github/ng-tangram/out-tsc/libs/components/dropdown/dropdown.module.ts as it was neither declared nor imported!
: Can't export value NtOverlayModule in /Users/Vurtne/Projects/Github/ng-tangram/dist/@ng-tangram/components/core/overlay/overlay.module.d.ts from NtPopConfirmModule in /Users/Vurtne/Projects/Github/ng-tangram/out-tsc/libs/components/popconfirm/popconfirm.module.ts as it was neither declared nor imported!
: Can't bind to 'origin' since it isn't a known property of 'nt-overlay'.
1. If 'nt-overlay' is an Angular component and it has 'origin' input, then verify that it is part of this module.
2. If 'nt-overlay' is a Web Component then add 'CUSTOM_ELEMENTS_SCHEMA' to the '@NgModule.schemas' of this component to suppress this message.
3. To allow any property add 'NO_ERRORS_SCHEMA' to the '@NgModule.schemas' of this component. ("<ng-content></ng-content>
<nt-overlay [ERROR ->][origin]="origin" [position]="position" [trigger]="trigger">
  <ng-content select="nt-dropdown-pane">")
: Can't bind to 'position' since it isn't a known property of 'nt-overlay'.
1. If 'nt-overlay' is an Angular component and it has 'position' input, then verify that it is part of this module.
2. If 'nt-overlay' is a Web Component then add 'CUSTOM_ELEMENTS_SCHEMA' to the '@NgModule.schemas' of this component to suppress this message.
3. To allow any property add 'NO_ERRORS_SCHEMA' to the '@NgModule.schemas' of this component. ("<ng-content></ng-content>
<nt-overlay [origin]="origin" [ERROR ->][position]="position" [trigger]="trigger">
  <ng-content select="nt-dropdown-pane"></ng-content>
</nt")
: Can't bind to 'trigger' since it isn't a known property of 'nt-overlay'.
1. If 'nt-overlay' is an Angular component and it has 'trigger' input, then verify that it is part of this module.
2. If 'nt-overlay' is a Web Component then add 'CUSTOM_ELEMENTS_SCHEMA' to the '@NgModule.schemas' of this component to suppress this message.
3. To allow any property add 'NO_ERRORS_SCHEMA' to the '@NgModule.schemas' of this component. ("<ng-content></ng-content>
<nt-overlay [origin]="origin" [position]="position" [ERROR ->][trigger]="trigger">
  <ng-content select="nt-dropdown-pane"></ng-content>
</nt-overlay>
")
: 'nt-overlay' is not a known element:
1. If 'nt-overlay' is an Angular component, then verify that it is part of this module.
2. If 'nt-overlay' is a Web Component then add 'CUSTOM_ELEMENTS_SCHEMA' to the '@NgModule.schemas' of this component to suppress this message. ("<ng-content></ng-content>
[ERROR ->]<nt-overlay [origin]="origin" [position]="position" [trigger]="trigger">
  <ng-content select="nt-dro")

: Unexpected value 'NtOverlayModule in /Users/Vurtne/Projects/Github/ng-tangram/dist/@ng-tangram/components/core/overlay/overlay.module.d.ts' imported by the module 'NtPopoverModule in /Users/Vurtne/Projects/Github/ng-tangram/out-tsc/libs/components/popover/popover.module.ts'. Please add a @NgModule annotation.
: Unexpected value 'NtOverlayModule in /Users/Vurtne/Projects/Github/ng-tangram/dist/@ng-tangram/components/core/overlay/overlay.module.d.ts' imported by the module 'NtDropdownModule in /Users/Vurtne/Projects/Github/ng-tangram/out-tsc/libs/components/dropdown/dropdown.module.ts'. Please add a @NgModule annotation.
: Can't export value NtOverlayModule in /Users/Vurtne/Projects/Github/ng-tangram/dist/@ng-tangram/components/core/overlay/overlay.module.d.ts from NtDropdownModule in /Users/Vurtne/Projects/Github/ng-tangram/out-tsc/libs/components/dropdown/dropdown.module.ts as it was neither declared nor imported!
: Can't export value NtOverlayModule in /Users/Vurtne/Projects/Github/ng-tangram/dist/@ng-tangram/components/core/overlay/overlay.module.d.ts from NtPopoverModule in /Users/Vurtne/Projects/Github/ng-tangram/out-tsc/libs/components/popover/popover.module.ts as it was neither declared nor imported!
: Can't bind to 'origin' since it isn't a known property of 'nt-overlay'.
1. If 'nt-overlay' is an Angular component and it has 'origin' input, then verify that it is part of this module.
2. If 'nt-overlay' is a Web Component then add 'CUSTOM_ELEMENTS_SCHEMA' to the '@NgModule.schemas' of this component to suppress this message.
3. To allow any property add 'NO_ERRORS_SCHEMA' to the '@NgModule.schemas' of this component. ("<ng-content></ng-content>
<nt-overlay [ERROR ->][origin]="origin" [position]="position" [trigger]="trigger">
  <ng-content select="nt-dropdown-pane">")
: Can't bind to 'position' since it isn't a known property of 'nt-overlay'.
1. If 'nt-overlay' is an Angular component and it has 'position' input, then verify that it is part of this module.
2. If 'nt-overlay' is a Web Component then add 'CUSTOM_ELEMENTS_SCHEMA' to the '@NgModule.schemas' of this component to suppress this message.
3. To allow any property add 'NO_ERRORS_SCHEMA' to the '@NgModule.schemas' of this component. ("<ng-content></ng-content>
<nt-overlay [origin]="origin" [ERROR ->][position]="position" [trigger]="trigger">
  <ng-content select="nt-dropdown-pane"></ng-content>
</nt")
: Can't bind to 'trigger' since it isn't a known property of 'nt-overlay'.
1. If 'nt-overlay' is an Angular component and it has 'trigger' input, then verify that it is part of this module.
2. If 'nt-overlay' is a Web Component then add 'CUSTOM_ELEMENTS_SCHEMA' to the '@NgModule.schemas' of this component to suppress this message.
3. To allow any property add 'NO_ERRORS_SCHEMA' to the '@NgModule.schemas' of this component. ("<ng-content></ng-content>
<nt-overlay [origin]="origin" [position]="position" [ERROR ->][trigger]="trigger">
  <ng-content select="nt-dropdown-pane"></ng-content>
</nt-overlay>
")
: 'nt-overlay' is not a known element:
1. If 'nt-overlay' is an Angular component, then verify that it is part of this module.
2. If 'nt-overlay' is a Web Component then add 'CUSTOM_ELEMENTS_SCHEMA' to the '@NgModule.schemas' of this component to suppress this message. ("<ng-content></ng-content>
[ERROR ->]<nt-overlay [origin]="origin" [position]="position" [trigger]="trigger">
  <ng-content select="nt-dro")

: Unexpected value 'NtOverlayModule in /Users/Vurtne/Projects/Github/ng-tangram/dist/@ng-tangram/components/core/overlay/overlay.module.d.ts' imported by the module 'NtPopoverModule in /Users/Vurtne/Projects/Github/ng-tangram/out-tsc/libs/components/popover/popover.module.ts'. Please add a @NgModule annotation.
: Unexpected value 'NtOverlayModule in /Users/Vurtne/Projects/Github/ng-tangram/dist/@ng-tangram/components/core/overlay/overlay.module.d.ts' imported by the module 'NtDropdownModule in /Users/Vurtne/Projects/Github/ng-tangram/out-tsc/libs/components/dropdown/dropdown.module.ts'. Please add a @NgModule annotation.
: Can't export value NtOverlayModule in /Users/Vurtne/Projects/Github/ng-tangram/dist/@ng-tangram/components/core/overlay/overlay.module.d.ts from NtDropdownModule in /Users/Vurtne/Projects/Github/ng-tangram/out-tsc/libs/components/dropdown/dropdown.module.ts as it was neither declared nor imported!
: Can't export value NtOverlayModule in /Users/Vurtne/Projects/Github/ng-tangram/dist/@ng-tangram/components/core/overlay/overlay.module.d.ts from NtPopoverModule in /Users/Vurtne/Projects/Github/ng-tangram/out-tsc/libs/components/popover/popover.module.ts as it was neither declared nor imported!
: Can't bind to 'origin' since it isn't a known property of 'nt-overlay'.
1. If 'nt-overlay' is an Angular component and it has 'origin' input, then verify that it is part of this module.
2. If 'nt-overlay' is a Web Component then add 'CUSTOM_ELEMENTS_SCHEMA' to the '@NgModule.schemas' of this component to suppress this message.
3. To allow any property add 'NO_ERRORS_SCHEMA' to the '@NgModule.schemas' of this component. ("<ng-content></ng-content>
<nt-overlay [ERROR ->][origin]="origin" [position]="position" [trigger]="trigger">
  <ng-content select="nt-dropdown-pane">")
: Can't bind to 'position' since it isn't a known property of 'nt-overlay'.
1. If 'nt-overlay' is an Angular component and it has 'position' input, then verify that it is part of this module.
2. If 'nt-overlay' is a Web Component then add 'CUSTOM_ELEMENTS_SCHEMA' to the '@NgModule.schemas' of this component to suppress this message.
3. To allow any property add 'NO_ERRORS_SCHEMA' to the '@NgModule.schemas' of this component. ("<ng-content></ng-content>
<nt-overlay [origin]="origin" [ERROR ->][position]="position" [trigger]="trigger">
  <ng-content select="nt-dropdown-pane"></ng-content>
</nt")
: Can't bind to 'trigger' since it isn't a known property of 'nt-overlay'.
1. If 'nt-overlay' is an Angular component and it has 'trigger' input, then verify that it is part of this module.
2. If 'nt-overlay' is a Web Component then add 'CUSTOM_ELEMENTS_SCHEMA' to the '@NgModule.schemas' of this component to suppress this message.
3. To allow any property add 'NO_ERRORS_SCHEMA' to the '@NgModule.schemas' of this component. ("<ng-content></ng-content>
<nt-overlay [origin]="origin" [position]="position" [ERROR ->][trigger]="trigger">
  <ng-content select="nt-dropdown-pane"></ng-content>
</nt-overlay>
")
: 'nt-overlay' is not a known element:
1. If 'nt-overlay' is an Angular component, then verify that it is part of this module.
2. If 'nt-overlay' is a Web Component then add 'CUSTOM_ELEMENTS_SCHEMA' to the '@NgModule.schemas' of this component to suppress this message. ("<ng-content></ng-content>
[ERROR ->]<nt-overlay [origin]="origin" [position]="position" [trigger]="trigger">
  <ng-content select="nt-dro")

: Unexpected value 'NtOverlayModule in /Users/Vurtne/Projects/Github/ng-tangram/dist/@ng-tangram/components/core/overlay/overlay.module.d.ts' imported by the module 'NtTooltipModule in /Users/Vurtne/Projects/Github/ng-tangram/out-tsc/libs/components/tooltip/tooltip.module.ts'. Please add a @NgModule annotation.
: Can't export value NtOverlayModule in /Users/Vurtne/Projects/Github/ng-tangram/dist/@ng-tangram/components/core/overlay/overlay.module.d.ts from NtTooltipModule in /Users/Vurtne/Projects/Github/ng-tangram/out-tsc/libs/components/tooltip/tooltip.module.ts as it was neither declared nor imported!
: Can't bind to 'origin' since it isn't a known property of 'nt-overlay'.
1. If 'nt-overlay' is an Angular component and it has 'origin' input, then verify that it is part of this module.
2. If 'nt-overlay' is a Web Component then add 'CUSTOM_ELEMENTS_SCHEMA' to the '@NgModule.schemas' of this component to suppress this message.
3. To allow any property add 'NO_ERRORS_SCHEMA' to the '@NgModule.schemas' of this component. ("<ng-content></ng-content>
<nt-overlay [ERROR ->][origin]="origin" [position]="position" trigger="hover" overlayClass="tootip-overlay" arrow>
  <div c")
: Can't bind to 'position' since it isn't a known property of 'nt-overlay'.
1. If 'nt-overlay' is an Angular component and it has 'position' input, then verify that it is part of this module.
2. If 'nt-overlay' is a Web Component then add 'CUSTOM_ELEMENTS_SCHEMA' to the '@NgModule.schemas' of this component to suppress this message.
3. To allow any property add 'NO_ERRORS_SCHEMA' to the '@NgModule.schemas' of this component. ("<ng-content></ng-content>
<nt-overlay [origin]="origin" [ERROR ->][position]="position" trigger="hover" overlayClass="tootip-overlay" arrow>
  <div class="tooltip">
  ")
: 'nt-overlay' is not a known element:
1. If 'nt-overlay' is an Angular component, then verify that it is part of this module.
2. If 'nt-overlay' is a Web Component then add 'CUSTOM_ELEMENTS_SCHEMA' to the '@NgModule.schemas' of this component to suppress this message. ("<ng-content></ng-content>
[ERROR ->]<nt-overlay [origin]="origin" [position]="position" trigger="hover" overlayClass="tootip-overlay" arr")

: Unexpected value 'NtOverlayModule in /Users/Vurtne/Projects/Github/ng-tangram/dist/@ng-tangram/components/core/overlay/overlay.module.d.ts' imported by the module 'NtTooltipModule in /Users/Vurtne/Projects/Github/ng-tangram/out-tsc/libs/components/tooltip/tooltip.module.ts'. Please add a @NgModule annotation.
: Can't export value NtOverlayModule in /Users/Vurtne/Projects/Github/ng-tangram/dist/@ng-tangram/components/core/overlay/overlay.module.d.ts from NtTooltipModule in /Users/Vurtne/Projects/Github/ng-tangram/out-tsc/libs/components/tooltip/tooltip.module.ts as it was neither declared nor imported!
: Can't bind to 'origin' since it isn't a known property of 'nt-overlay'.
1. If 'nt-overlay' is an Angular component and it has 'origin' input, then verify that it is part of this module.
2. If 'nt-overlay' is a Web Component then add 'CUSTOM_ELEMENTS_SCHEMA' to the '@NgModule.schemas' of this component to suppress this message.
3. To allow any property add 'NO_ERRORS_SCHEMA' to the '@NgModule.schemas' of this component. ("<ng-content></ng-content>
<nt-overlay [ERROR ->][origin]="origin" [position]="position" trigger="hover" overlayClass="tootip-overlay" arrow>
  <div c")
: Can't bind to 'position' since it isn't a known property of 'nt-overlay'.
1. If 'nt-overlay' is an Angular component and it has 'position' input, then verify that it is part of this module.
2. If 'nt-overlay' is a Web Component then add 'CUSTOM_ELEMENTS_SCHEMA' to the '@NgModule.schemas' of this component to suppress this message.
3. To allow any property add 'NO_ERRORS_SCHEMA' to the '@NgModule.schemas' of this component. ("<ng-content></ng-content>
<nt-overlay [origin]="origin" [ERROR ->][position]="position" trigger="hover" overlayClass="tootip-overlay" arrow>
  <div class="tooltip">
  ")
: 'nt-overlay' is not a known element:
1. If 'nt-overlay' is an Angular component, then verify that it is part of this module.
2. If 'nt-overlay' is a Web Component then add 'CUSTOM_ELEMENTS_SCHEMA' to the '@NgModule.schemas' of this component to suppress this message. ("<ng-content></ng-content>
[ERROR ->]<nt-overlay [origin]="origin" [position]="position" trigger="hover" overlayClass="tootip-overlay" arr")

modal-ref.ts(56,20): error TS2345: Argument of type '(event: KeyboardEvent) => boolean | undefined' is not assignable to parameter of type '(value: KeyboardEvent, index: number) => boolean'.
  Type 'boolean | undefined' is not assignable to type 'boolean'.
    Type 'undefined' is not assignable to type 'boolean'.

modal-ref.ts(56,20): error TS2345: Argument of type '(event: KeyboardEvent) => boolean | undefined' is not assignable to parameter of type '(value: KeyboardEvent, index: number) => boolean'.
  Type 'boolean | undefined' is not assignable to type 'boolean'.
    Type 'undefined' is not assignable to type 'boolean'.

select.component.ts(16,36): error TS2307: Cannot find module '@ng-tangram/components/forms'.
: Unexpected value 'NtOverlayModule in /Users/Vurtne/Projects/Github/ng-tangram/dist/@ng-tangram/components/core/overlay/overlay.module.d.ts' imported by the module 'NtSelectModule in /Users/Vurtne/Projects/Github/ng-tangram/out-tsc/libs/components/select/select.module.ts'. Please add a @NgModule annotation.
: Unexpected value 'NtOptionModule in /Users/Vurtne/Projects/Github/ng-tangram/dist/@ng-tangram/components/core/index.d.ts' imported by the module 'NtSelectModule in /Users/Vurtne/Projects/Github/ng-tangram/out-tsc/libs/components/select/select.module.ts'. Please add a @NgModule annotation.
select.component.ts(50,16): Error during template compile of 'NtSelectComponent'
  Could not resolve @ng-tangram/components/forms relative to /Users/Vurtne/Projects/Github/ng-tangram/out-tsc/libs/components/select/select.component.ts..
: Can't export value NtOverlayModule in /Users/Vurtne/Projects/Github/ng-tangram/dist/@ng-tangram/components/core/overlay/overlay.module.d.ts from NtSelectModule in /Users/Vurtne/Projects/Github/ng-tangram/out-tsc/libs/components/select/select.module.ts as it was neither declared nor imported!
: Can't export value NtOptionModule in /Users/Vurtne/Projects/Github/ng-tangram/dist/@ng-tangram/components/core/index.d.ts from NtSelectModule in /Users/Vurtne/Projects/Github/ng-tangram/out-tsc/libs/components/select/select.module.ts as it was neither declared nor imported!
: Invalid providers for "NtSelectComponent in /Users/Vurtne/Projects/Github/ng-tangram/out-tsc/libs/components/select/select.component.ts" - only instances of Provider and Type are allowed, got: [[object Object], ?[object Object]?]
: Unexpected value 'NtOverlayModule in /Users/Vurtne/Projects/Github/ng-tangram/dist/@ng-tangram/components/core/overlay/overlay.module.d.ts' imported by the module 'NtDropdownModule in /Users/Vurtne/Projects/Github/ng-tangram/out-tsc/libs/components/dropdown/dropdown.module.ts'. Please add a @NgModule annotation.
: Can't export value NtOverlayModule in /Users/Vurtne/Projects/Github/ng-tangram/dist/@ng-tangram/components/core/overlay/overlay.module.d.ts from NtDropdownModule in /Users/Vurtne/Projects/Github/ng-tangram/out-tsc/libs/components/dropdown/dropdown.module.ts as it was neither declared nor imported!
: Can't bind to 'origin' since it isn't a known property of 'nt-overlay'.
1. If 'nt-overlay' is an Angular component and it has 'origin' input, then verify that it is part of this module.
2. If 'nt-overlay' is a Web Component then add 'CUSTOM_ELEMENTS_SCHEMA' to the '@NgModule.schemas' of this component to suppress this message.
3. To allow any property add 'NO_ERRORS_SCHEMA' to the '@NgModule.schemas' of this component. ("
<span class="nt-select-caret"></span>
<nt-overlay
  [ERROR ->][origin]="origin" trigger="click" position="bottomLeft" fixed
  (opened)="onOpen()" (closed)="onClose")
: 'nt-overlay' is not a known element:
1. If 'nt-overlay' is an Angular component, then verify that it is part of this module.
2. If 'nt-overlay' is a Web Component then add 'CUSTOM_ELEMENTS_SCHEMA' to the '@NgModule.schemas' of this component to suppress this message. ("
  [value]="filter && focused ? '' : triggerValue">
<span class="nt-select-caret"></span>
[ERROR ->]<nt-overlay
  [origin]="origin" trigger="click" position="bottomLeft" fixed
  (opened)="onOpen()" (cl")

select.component.ts(16,36): error TS2307: Cannot find module '@ng-tangram/components/forms'.
: Unexpected value 'NtOverlayModule in /Users/Vurtne/Projects/Github/ng-tangram/dist/@ng-tangram/components/core/overlay/overlay.module.d.ts' imported by the module 'NtSelectModule in /Users/Vurtne/Projects/Github/ng-tangram/out-tsc/libs/components/select/select.module.ts'. Please add a @NgModule annotation.
: Unexpected value 'NtOptionModule in /Users/Vurtne/Projects/Github/ng-tangram/dist/@ng-tangram/components/core/index.d.ts' imported by the module 'NtSelectModule in /Users/Vurtne/Projects/Github/ng-tangram/out-tsc/libs/components/select/select.module.ts'. Please add a @NgModule annotation.
select.component.ts(50,16): Error during template compile of 'NtSelectComponent'
  Could not resolve @ng-tangram/components/forms relative to /Users/Vurtne/Projects/Github/ng-tangram/out-tsc/libs/components/select/select.component.ts..
: Can't export value NtOverlayModule in /Users/Vurtne/Projects/Github/ng-tangram/dist/@ng-tangram/components/core/overlay/overlay.module.d.ts from NtSelectModule in /Users/Vurtne/Projects/Github/ng-tangram/out-tsc/libs/components/select/select.module.ts as it was neither declared nor imported!
: Can't export value NtOptionModule in /Users/Vurtne/Projects/Github/ng-tangram/dist/@ng-tangram/components/core/index.d.ts from NtSelectModule in /Users/Vurtne/Projects/Github/ng-tangram/out-tsc/libs/components/select/select.module.ts as it was neither declared nor imported!
: Invalid providers for "NtSelectComponent in /Users/Vurtne/Projects/Github/ng-tangram/out-tsc/libs/components/select/select.component.ts" - only instances of Provider and Type are allowed, got: [[object Object], ?[object Object]?]
: Unexpected value 'NtOverlayModule in /Users/Vurtne/Projects/Github/ng-tangram/dist/@ng-tangram/components/core/overlay/overlay.module.d.ts' imported by the module 'NtDropdownModule in /Users/Vurtne/Projects/Github/ng-tangram/out-tsc/libs/components/dropdown/dropdown.module.ts'. Please add a @NgModule annotation.
: Can't export value NtOverlayModule in /Users/Vurtne/Projects/Github/ng-tangram/dist/@ng-tangram/components/core/overlay/overlay.module.d.ts from NtDropdownModule in /Users/Vurtne/Projects/Github/ng-tangram/out-tsc/libs/components/dropdown/dropdown.module.ts as it was neither declared nor imported!
: Can't bind to 'origin' since it isn't a known property of 'nt-overlay'.
1. If 'nt-overlay' is an Angular component and it has 'origin' input, then verify that it is part of this module.
2. If 'nt-overlay' is a Web Component then add 'CUSTOM_ELEMENTS_SCHEMA' to the '@NgModule.schemas' of this component to suppress this message.
3. To allow any property add 'NO_ERRORS_SCHEMA' to the '@NgModule.schemas' of this component. ("
<span class="nt-select-caret"></span>
<nt-overlay
  [ERROR ->][origin]="origin" trigger="click" position="bottomLeft" fixed
  (opened)="onOpen()" (closed)="onClose")
: 'nt-overlay' is not a known element:
1. If 'nt-overlay' is an Angular component, then verify that it is part of this module.
2. If 'nt-overlay' is a Web Component then add 'CUSTOM_ELEMENTS_SCHEMA' to the '@NgModule.schemas' of this component to suppress this message. ("
  [value]="filter && focused ? '' : triggerValue">
<span class="nt-select-caret"></span>
[ERROR ->]<nt-overlay
  [origin]="origin" trigger="click" position="bottomLeft" fixed
  (opened)="onOpen()" (cl")

input.directive.ts(5,36): error TS2307: Cannot find module '@ng-tangram/components/forms'.
input.directive.ts(16,16): Error during template compile of 'NtInputDirective'
  Could not resolve @ng-tangram/components/forms relative to /Users/Vurtne/Projects/Github/ng-tangram/out-tsc/libs/components/input/input.directive.ts..
: Invalid providers for "NtInputDirective in /Users/Vurtne/Projects/Github/ng-tangram/out-tsc/libs/components/input/input.directive.ts" - only instances of Provider and Type are allowed, got: [?[object Object]?]

input.directive.ts(5,36): error TS2307: Cannot find module '@ng-tangram/components/forms'.
input.directive.ts(16,16): Error during template compile of 'NtInputDirective'
  Could not resolve @ng-tangram/components/forms relative to /Users/Vurtne/Projects/Github/ng-tangram/out-tsc/libs/components/input/input.directive.ts..
: Invalid providers for "NtInputDirective in /Users/Vurtne/Projects/Github/ng-tangram/out-tsc/libs/components/input/input.directive.ts" - only instances of Provider and Type are allowed, got: [?[object Object]?]

datepicker.component.ts(13,36): error TS2307: Cannot find module '@ng-tangram/components/forms'.
datepicker.module.ts(5,33): error TS2307: Cannot find module '@ng-tangram/components/tooltip'.
datepicker.module.ts(13,44): Error during template compile of 'NtDatePickerModule'
  Could not resolve @ng-tangram/components/tooltip relative to /Users/Vurtne/Projects/Github/ng-tangram/out-tsc/libs/components/datepicker/datepicker.module.ts..
datepicker.module.ts(14,53): Error during template compile of 'NtDatePickerModule'
  Could not resolve @ng-tangram/components/tooltip relative to /Users/Vurtne/Projects/Github/ng-tangram/out-tsc/libs/components/datepicker/datepicker.module.ts..
: Unexpected value 'NtOverlayModule in /Users/Vurtne/Projects/Github/ng-tangram/dist/@ng-tangram/components/core/overlay/overlay.module.d.ts' imported by the module 'NtDatePickerModule in /Users/Vurtne/Projects/Github/ng-tangram/out-tsc/libs/components/datepicker/datepicker.module.ts'. Please add a @NgModule annotation.
: Unexpected value 'NtNativeDateModule in /Users/Vurtne/Projects/Github/ng-tangram/dist/@ng-tangram/components/core/index.d.ts' imported by the module 'NtDatePickerModule in /Users/Vurtne/Projects/Github/ng-tangram/out-tsc/libs/components/datepicker/datepicker.module.ts'. Please add a @NgModule annotation.
datepicker.component.ts(32,16): Error during template compile of 'NtDatePickerComponent'
  Could not resolve @ng-tangram/components/forms relative to /Users/Vurtne/Projects/Github/ng-tangram/out-tsc/libs/components/datepicker/datepicker.component.ts..
: Can't export value NtOverlayModule in /Users/Vurtne/Projects/Github/ng-tangram/dist/@ng-tangram/components/core/overlay/overlay.module.d.ts from NtDatePickerModule in /Users/Vurtne/Projects/Github/ng-tangram/out-tsc/libs/components/datepicker/datepicker.module.ts as it was neither declared nor imported!
: Invalid providers for "NtDatePickerComponent in /Users/Vurtne/Projects/Github/ng-tangram/out-tsc/libs/components/datepicker/datepicker.component.ts" - only instances of Provider and Type are allowed, got: [?[object Object]?]
: Can't bind to 'origin' since it isn't a known property of 'nt-overlay'.
1. If 'nt-overlay' is an Angular component and it has 'origin' input, then verify that it is part of this module.
2. If 'nt-overlay' is a Web Component then add 'CUSTOM_ELEMENTS_SCHEMA' to the '@NgModule.schemas' of this component to suppress this message.
3. To allow any property add 'NO_ERRORS_SCHEMA' to the '@NgModule.schemas' of this component. ("ss="nt-datepicker-clear" (click)="clear()" [@fade] *ngIf="value && !disabled"></span>
<nt-overlay
  [ERROR ->][origin]="origin"
  trigger="click"
  position="bottomLeft"
")
: 'nt-overlay' is not a known element:
1. If 'nt-overlay' is an Angular component, then verify that it is part of this module.
2. If 'nt-overlay' is a Web Component then add 'CUSTOM_ELEMENTS_SCHEMA' to the '@NgModule.schemas' of this component to suppress this message. ("pan>
<span class="nt-datepicker-clear" (click)="clear()" [@fade] *ngIf="value && !disabled"></span>
[ERROR ->]<nt-overlay
  [origin]="origin"
  trigger="click"
")

datepicker.component.ts(13,36): error TS2307: Cannot find module '@ng-tangram/components/forms'.
datepicker.module.ts(5,33): error TS2307: Cannot find module '@ng-tangram/components/tooltip'.
datepicker.module.ts(13,44): Error during template compile of 'NtDatePickerModule'
  Could not resolve @ng-tangram/components/tooltip relative to /Users/Vurtne/Projects/Github/ng-tangram/out-tsc/libs/components/datepicker/datepicker.module.ts..
datepicker.module.ts(14,53): Error during template compile of 'NtDatePickerModule'
  Could not resolve @ng-tangram/components/tooltip relative to /Users/Vurtne/Projects/Github/ng-tangram/out-tsc/libs/components/datepicker/datepicker.module.ts..
: Unexpected value 'NtOverlayModule in /Users/Vurtne/Projects/Github/ng-tangram/dist/@ng-tangram/components/core/overlay/overlay.module.d.ts' imported by the module 'NtDatePickerModule in /Users/Vurtne/Projects/Github/ng-tangram/out-tsc/libs/components/datepicker/datepicker.module.ts'. Please add a @NgModule annotation.
: Unexpected value 'NtNativeDateModule in /Users/Vurtne/Projects/Github/ng-tangram/dist/@ng-tangram/components/core/index.d.ts' imported by the module 'NtDatePickerModule in /Users/Vurtne/Projects/Github/ng-tangram/out-tsc/libs/components/datepicker/datepicker.module.ts'. Please add a @NgModule annotation.
datepicker.component.ts(32,16): Error during template compile of 'NtDatePickerComponent'
  Could not resolve @ng-tangram/components/forms relative to /Users/Vurtne/Projects/Github/ng-tangram/out-tsc/libs/components/datepicker/datepicker.component.ts..
: Can't export value NtOverlayModule in /Users/Vurtne/Projects/Github/ng-tangram/dist/@ng-tangram/components/core/overlay/overlay.module.d.ts from NtDatePickerModule in /Users/Vurtne/Projects/Github/ng-tangram/out-tsc/libs/components/datepicker/datepicker.module.ts as it was neither declared nor imported!
: Invalid providers for "NtDatePickerComponent in /Users/Vurtne/Projects/Github/ng-tangram/out-tsc/libs/components/datepicker/datepicker.component.ts" - only instances of Provider and Type are allowed, got: [?[object Object]?]
: Can't bind to 'origin' since it isn't a known property of 'nt-overlay'.
1. If 'nt-overlay' is an Angular component and it has 'origin' input, then verify that it is part of this module.
2. If 'nt-overlay' is a Web Component then add 'CUSTOM_ELEMENTS_SCHEMA' to the '@NgModule.schemas' of this component to suppress this message.
3. To allow any property add 'NO_ERRORS_SCHEMA' to the '@NgModule.schemas' of this component. ("ss="nt-datepicker-clear" (click)="clear()" [@fade] *ngIf="value && !disabled"></span>
<nt-overlay
  [ERROR ->][origin]="origin"
  trigger="click"
  position="bottomLeft"
")
: 'nt-overlay' is not a known element:
1. If 'nt-overlay' is an Angular component, then verify that it is part of this module.
2. If 'nt-overlay' is a Web Component then add 'CUSTOM_ELEMENTS_SCHEMA' to the '@NgModule.schemas' of this component to suppress this message. ("pan>
<span class="nt-datepicker-clear" (click)="clear()" [@fade] *ngIf="value && !disabled"></span>
[ERROR ->]<nt-overlay
  [origin]="origin"
  trigger="click"
")

public-api.ts(5,15): error TS2307: Cannot find module '@ng-tangram/components/button'.
public-api.ts(8,15): error TS2307: Cannot find module '@ng-tangram/components/datepicker'.
public-api.ts(9,15): error TS2307: Cannot find module '@ng-tangram/components/dropdown'.
public-api.ts(10,15): error TS2307: Cannot find module '@ng-tangram/components/forms'.
public-api.ts(11,15): error TS2307: Cannot find module '@ng-tangram/components/input'.
public-api.ts(14,15): error TS2307: Cannot find module '@ng-tangram/components/pagination'.
public-api.ts(15,15): error TS2307: Cannot find module '@ng-tangram/components/popconfirm'.
public-api.ts(16,15): error TS2307: Cannot find module '@ng-tangram/components/popover'.
public-api.ts(18,15): error TS2307: Cannot find module '@ng-tangram/components/select'.
public-api.ts(19,15): error TS2307: Cannot find module '@ng-tangram/components/table'.
public-api.ts(20,15): error TS2307: Cannot find module '@ng-tangram/components/tooltip'.
: Unexpected value 'undefined' imported by the module 'NtCalloutModule in /Users/Vurtne/Projects/Github/ng-tangram/dist/@ng-tangram/components/callout/index.d.ts'

public-api.ts(5,15): error TS2307: Cannot find module '@ng-tangram/components/button'.
public-api.ts(8,15): error TS2307: Cannot find module '@ng-tangram/components/datepicker'.
public-api.ts(9,15): error TS2307: Cannot find module '@ng-tangram/components/dropdown'.
public-api.ts(10,15): error TS2307: Cannot find module '@ng-tangram/components/forms'.
public-api.ts(11,15): error TS2307: Cannot find module '@ng-tangram/components/input'.
public-api.ts(14,15): error TS2307: Cannot find module '@ng-tangram/components/pagination'.
public-api.ts(15,15): error TS2307: Cannot find module '@ng-tangram/components/popconfirm'.
public-api.ts(16,15): error TS2307: Cannot find module '@ng-tangram/components/popover'.
public-api.ts(18,15): error TS2307: Cannot find module '@ng-tangram/components/select'.
public-api.ts(19,15): error TS2307: Cannot find module '@ng-tangram/components/table'.
public-api.ts(20,15): error TS2307: Cannot find module '@ng-tangram/components/tooltip'.
: Unexpected value 'undefined' imported by the module 'NtCalloutModule in /Users/Vurtne/Projects/Github/ng-tangram/dist/@ng-tangram/components/callout/index.d.ts'

(node:60290) UnhandledPromiseRejectionWarning: undefined
(node:60290) UnhandledPromiseRejectionWarning: Unhandled promise rejection. This error originated either by throwing inside of an async function without a catch block, or by rejecting a promise which was not handled with .catch(). (rejection id: 1)
(node:60290) [DEP0018] DeprecationWarning: Unhandled promise rejections are deprecated. In the future, promise rejections that are not handled will terminate the Node.js process with a non-zero exit code.
(node:60290) UnhandledPromiseRejectionWarning: undefined
(node:60290) UnhandledPromiseRejectionWarning: Unhandled promise rejection. This error originated either by throwing inside of an async function without a catch block, or by rejecting a promise which was not handled with .catch(). (rejection id: 2)
(node:60290) UnhandledPromiseRejectionWarning: undefined
(node:60290) UnhandledPromiseRejectionWarning: Unhandled promise rejection. This error originated either by throwing inside of an async function without a catch block, or by rejecting a promise which was not handled with .catch(). (rejection id: 3)
(node:60290) UnhandledPromiseRejectionWarning: undefined
(node:60290) UnhandledPromiseRejectionWarning: Unhandled promise rejection. This error originated either by throwing inside of an async function without a catch block, or by rejecting a promise which was not handled with .catch(). (rejection id: 4)
(node:60290) UnhandledPromiseRejectionWarning: undefined
(node:60290) UnhandledPromiseRejectionWarning: Unhandled promise rejection. This error originated either by throwing inside of an async function without a catch block, or by rejecting a promise which was not handled with .catch(). (rejection id: 5)
(node:60290) UnhandledPromiseRejectionWarning: undefined
(node:60290) UnhandledPromiseRejectionWarning: Unhandled promise rejection. This error originated either by throwing inside of an async function without a catch block, or by rejecting a promise which was not handled with .catch(). (rejection id: 6)
(node:60290) UnhandledPromiseRejectionWarning: undefined
(node:60290) UnhandledPromiseRejectionWarning: Unhandled promise rejection. This error originated either by throwing inside of an async function without a catch block, or by rejecting a promise which was not handled with .catch(). (rejection id: 7)
(node:60290) UnhandledPromiseRejectionWarning: undefined
(node:60290) UnhandledPromiseRejectionWarning: Unhandled promise rejection. This error originated either by throwing inside of an async function without a catch block, or by rejecting a promise which was not handled with .catch(). (rejection id: 8)
(node:60290) UnhandledPromiseRejectionWarning: undefined
(node:60290) UnhandledPromiseRejectionWarning: Unhandled promise rejection. This error originated either by throwing inside of an async function without a catch block, or by rejecting a promise which was not handled with .catch(). (rejection id: 9)
(node:60290) UnhandledPromiseRejectionWarning: undefined
(node:60290) UnhandledPromiseRejectionWarning: Unhandled promise rejection. This error originated either by throwing inside of an async function without a catch block, or by rejecting a promise which was not handled with .catch(). (rejection id: 10)
(node:60290) UnhandledPromiseRejectionWarning: undefined
(node:60290) UnhandledPromiseRejectionWarning: Unhandled promise rejection. This error originated either by throwing inside of an async function without a catch block, or by rejecting a promise which was not handled with .catch(). (rejection id: 11)
(node:60290) UnhandledPromiseRejectionWarning: undefined
(node:60290) UnhandledPromiseRejectionWarning: Unhandled promise rejection. This error originated either by throwing inside of an async function without a catch block, or by rejecting a promise which was not handled with .catch(). (rejection id: 12)
(node:60290) UnhandledPromiseRejectionWarning: undefined
(node:60290) UnhandledPromiseRejectionWarning: Unhandled promise rejection. This error originated either by throwing inside of an async function without a catch block, or by rejecting a promise which was not handled with .catch(). (rejection id: 13)
(node:60290) UnhandledPromiseRejectionWarning: undefined
(node:60290) UnhandledPromiseRejectionWarning: Unhandled promise rejection. This error originated either by throwing inside of an async function without a catch block, or by rejecting a promise which was not handled with .catch(). (rejection id: 14)
(node:60290) UnhandledPromiseRejectionWarning: undefined
(node:60290) UnhandledPromiseRejectionWarning: Unhandled promise rejection. This error originated either by throwing inside of an async function without a catch block, or by rejecting a promise which was not handled with .catch(). (rejection id: 15)
(node:60290) UnhandledPromiseRejectionWarning: undefined
(node:60290) UnhandledPromiseRejectionWarning: Unhandled promise rejection. This error originated either by throwing inside of an async function without a catch block, or by rejecting a promise which was not handled with .catch(). (rejection id: 16)
(node:60290) UnhandledPromiseRejectionWarning: undefined
(node:60290) UnhandledPromiseRejectionWarning: Unhandled promise rejection. This error originated either by throwing inside of an async function without a catch block, or by rejecting a promise which was not handled with .catch(). (rejection id: 17)
(node:60290) UnhandledPromiseRejectionWarning: undefined
(node:60290) UnhandledPromiseRejectionWarning: Unhandled promise rejection. This error originated either by throwing inside of an async function without a catch block, or by rejecting a promise which was not handled with .catch(). (rejection id: 18)
(node:60290) UnhandledPromiseRejectionWarning: undefined
(node:60290) UnhandledPromiseRejectionWarning: Unhandled promise rejection. This error originated either by throwing inside of an async function without a catch block, or by rejecting a promise which was not handled with .catch(). (rejection id: 19)
(node:60290) UnhandledPromiseRejectionWarning: undefined
(node:60290) UnhandledPromiseRejectionWarning: Unhandled promise rejection. This error originated either by throwing inside of an async function without a catch block, or by rejecting a promise which was not handled with .catch(). (rejection id: 20)
(node:60290) UnhandledPromiseRejectionWarning: undefined
(node:60290) UnhandledPromiseRejectionWarning: Unhandled promise rejection. This error originated either by throwing inside of an async function without a catch block, or by rejecting a promise which was not handled with .catch(). (rejection id: 21)
(node:60290) UnhandledPromiseRejectionWarning: undefined
(node:60290) UnhandledPromiseRejectionWarning: Unhandled promise rejection. This error originated either by throwing inside of an async function without a catch block, or by rejecting a promise which was not handled with .catch(). (rejection id: 22)
(node:60290) UnhandledPromiseRejectionWarning: undefined
(node:60290) UnhandledPromiseRejectionWarning: Unhandled promise rejection. This error originated either by throwing inside of an async function without a catch block, or by rejecting a promise which was not handled with .catch(). (rejection id: 23)
(node:60290) UnhandledPromiseRejectionWarning: undefined
(node:60290) UnhandledPromiseRejectionWarning: Unhandled promise rejection. This error originated either by throwing inside of an async function without a catch block, or by rejecting a promise which was not handled with .catch(). (rejection id: 24)
(node:60290) UnhandledPromiseRejectionWarning: undefined
(node:60290) UnhandledPromiseRejectionWarning: Unhandled promise rejection. This error originated either by throwing inside of an async function without a catch block, or by rejecting a promise which was not handled with .catch(). (rejection id: 25)
(node:60290) UnhandledPromiseRejectionWarning: undefined
(node:60290) UnhandledPromiseRejectionWarning: Unhandled promise rejection. This error originated either by throwing inside of an async function without a catch block, or by rejecting a promise which was not handled with .catch(). (rejection id: 26)
